<?xml version="1.0" encoding="UTF-8"?>
<!-- Generated by org.testng.reporters.JUnitXMLReporter -->
<testsuite hostname="Jays-MBP.fios-router.home" name="Command line test" tests="14" failures="0" timestamp="22 Mar 2017 13:43:50 GMT" time="81.76" errors="0">
  <testcase name="clickLinkTest2" time="63.47" classname="com.yourcompany.SampleSauceTest"/>
  <testcase name="clickLinkTest" time="64.616" classname="com.yourcompany.SampleSauceTest"/>
  <testcase name="clickLinkTest2" time="66.45" classname="com.yourcompany.SampleSauceTest"/>
  <testcase name="clickLinkTest2" time="67.64" classname="com.yourcompany.SampleSauceTest"/>
  <testcase name="clickLinkTest" time="67.884" classname="com.yourcompany.SampleSauceTest"/>
  <testcase name="clickLinkTest" time="70.071" classname="com.yourcompany.SampleSauceTest"/>
  <testcase name="clickLinkTest" time="70.72" classname="com.yourcompany.SampleSauceTest"/>
  <testcase name="clickLinkTest2" time="71.183" classname="com.yourcompany.SampleSauceTest"/>
  <testcase name="clickLinkTest" time="73.81" classname="com.yourcompany.SampleSauceTest"/>
  <testcase name="clickLinkTest" time="74.503" classname="com.yourcompany.SampleSauceTest"/>
  <testcase name="clickLinkTest2" time="79.393" classname="com.yourcompany.SampleSauceTest"/>
  <testcase name="clickLinkTest2" time="79.533" classname="com.yourcompany.SampleSauceTest"/>
  <testcase name="clickLinkTest" time="80.0" classname="com.yourcompany.SampleSauceTest"/>
  <testcase name="clickLinkTest2" time="81.613" classname="com.yourcompany.SampleSauceTest"/>
</testsuite> <!-- Command line test -->
