<?xml version="1.0" encoding="UTF-8"?>
<testng-results skipped="0" failed="0" total="14" passed="14">
  <reporter-output>
  </reporter-output>
  <suite name="com.yourcompany.SampleSauceTest" duration-ms="81760" started-at="2017-03-22T13:42:29Z" finished-at="2017-03-22T13:43:50Z">
    <groups>
    </groups>
    <test name="Command line test" duration-ms="81760" started-at="2017-03-22T13:42:29Z" finished-at="2017-03-22T13:43:50Z">
      <class name="com.yourcompany.SampleSauceTest">
        <test-method status="PASS" signature="clickLinkTest2(java.lang.String, java.lang.String, java.lang.String, java.lang.String, java.lang.String, java.lang.reflect.Method)[pri:0, instance:com.yourcompany.SampleSauceTest@735b5592]" name="clickLinkTest2" duration-ms="81613" started-at="2017-03-22T09:42:29Z" data-provider="hardCodedBrowsers" finished-at="2017-03-22T09:43:50Z">
          <params>
            <param index="0">
              <value>
                <![CDATA[Android]]>
              </value>
            </param>
            <param index="1">
              <value>
                <![CDATA[Samsung Galaxy S4 Device]]>
              </value>
            </param>
            <param index="2">
              <value>
                <![CDATA[4.4]]>
              </value>
            </param>
            <param index="3">
              <value>
                <![CDATA[Chrome]]>
              </value>
            </param>
            <param index="4">
              <value>
                <![CDATA[portrait]]>
              </value>
            </param>
            <param index="5">
              <value>
                <![CDATA[public void com.yourcompany.SampleSauceTest.clickLinkTest2(java.lang.String,java.lang.String,java.lang.String,java.lang.String,java.lang.String,java.lang.reflect.Method) throws java.lang.Exception]]>
              </value>
            </param>
          </params>
          <reporter-output>
          </reporter-output>
        </test-method> <!-- clickLinkTest2 -->
        <test-method status="PASS" signature="clickLinkTest2(java.lang.String, java.lang.String, java.lang.String, java.lang.String, java.lang.String, java.lang.reflect.Method)[pri:0, instance:com.yourcompany.SampleSauceTest@735b5592]" name="clickLinkTest2" duration-ms="71183" started-at="2017-03-22T09:42:29Z" data-provider="hardCodedBrowsers" finished-at="2017-03-22T09:43:40Z">
          <params>
            <param index="0">
              <value>
                <![CDATA[Android]]>
              </value>
            </param>
            <param index="1">
              <value>
                <![CDATA[Samsung Galaxy S4 Emulator]]>
              </value>
            </param>
            <param index="2">
              <value>
                <![CDATA[4.4]]>
              </value>
            </param>
            <param index="3">
              <value>
                <![CDATA[Browser]]>
              </value>
            </param>
            <param index="4">
              <value>
                <![CDATA[portrait]]>
              </value>
            </param>
            <param index="5">
              <value>
                <![CDATA[public void com.yourcompany.SampleSauceTest.clickLinkTest2(java.lang.String,java.lang.String,java.lang.String,java.lang.String,java.lang.String,java.lang.reflect.Method) throws java.lang.Exception]]>
              </value>
            </param>
          </params>
          <reporter-output>
          </reporter-output>
        </test-method> <!-- clickLinkTest2 -->
        <test-method status="PASS" signature="clickLinkTest2(java.lang.String, java.lang.String, java.lang.String, java.lang.String, java.lang.String, java.lang.reflect.Method)[pri:0, instance:com.yourcompany.SampleSauceTest@735b5592]" name="clickLinkTest2" duration-ms="79393" started-at="2017-03-22T09:42:29Z" data-provider="hardCodedBrowsers" finished-at="2017-03-22T09:43:48Z">
          <params>
            <param index="0">
              <value>
                <![CDATA[Android]]>
              </value>
            </param>
            <param index="1">
              <value>
                <![CDATA[Android Emulator]]>
              </value>
            </param>
            <param index="2">
              <value>
                <![CDATA[5.1]]>
              </value>
            </param>
            <param index="3">
              <value>
                <![CDATA[Browser]]>
              </value>
            </param>
            <param index="4">
              <value>
                <![CDATA[portrait]]>
              </value>
            </param>
            <param index="5">
              <value>
                <![CDATA[public void com.yourcompany.SampleSauceTest.clickLinkTest2(java.lang.String,java.lang.String,java.lang.String,java.lang.String,java.lang.String,java.lang.reflect.Method) throws java.lang.Exception]]>
              </value>
            </param>
          </params>
          <reporter-output>
          </reporter-output>
        </test-method> <!-- clickLinkTest2 -->
        <test-method status="PASS" signature="clickLinkTest(java.lang.String, java.lang.String, java.lang.String, java.lang.String, java.lang.String, java.lang.reflect.Method)[pri:0, instance:com.yourcompany.SampleSauceTest@735b5592]" name="clickLinkTest" duration-ms="67884" started-at="2017-03-22T09:42:29Z" data-provider="hardCodedBrowsers" finished-at="2017-03-22T09:43:36Z">
          <params>
            <param index="0">
              <value>
                <![CDATA[Android]]>
              </value>
            </param>
            <param index="1">
              <value>
                <![CDATA[Samsung Galaxy S4 Emulator]]>
              </value>
            </param>
            <param index="2">
              <value>
                <![CDATA[4.4]]>
              </value>
            </param>
            <param index="3">
              <value>
                <![CDATA[Browser]]>
              </value>
            </param>
            <param index="4">
              <value>
                <![CDATA[portrait]]>
              </value>
            </param>
            <param index="5">
              <value>
                <![CDATA[public void com.yourcompany.SampleSauceTest.clickLinkTest(java.lang.String,java.lang.String,java.lang.String,java.lang.String,java.lang.String,java.lang.reflect.Method) throws java.lang.Exception]]>
              </value>
            </param>
          </params>
          <reporter-output>
          </reporter-output>
        </test-method> <!-- clickLinkTest -->
        <test-method status="PASS" signature="clickLinkTest(java.lang.String, java.lang.String, java.lang.String, java.lang.String, java.lang.String, java.lang.reflect.Method)[pri:0, instance:com.yourcompany.SampleSauceTest@735b5592]" name="clickLinkTest" duration-ms="70071" started-at="2017-03-22T09:42:29Z" data-provider="hardCodedBrowsers" finished-at="2017-03-22T09:43:39Z">
          <params>
            <param index="0">
              <value>
                <![CDATA[Android]]>
              </value>
            </param>
            <param index="1">
              <value>
                <![CDATA[Samsung Galaxy S5 Device]]>
              </value>
            </param>
            <param index="2">
              <value>
                <![CDATA[5.0]]>
              </value>
            </param>
            <param index="3">
              <value>
                <![CDATA[Chrome]]>
              </value>
            </param>
            <param index="4">
              <value>
                <![CDATA[portrait]]>
              </value>
            </param>
            <param index="5">
              <value>
                <![CDATA[public void com.yourcompany.SampleSauceTest.clickLinkTest(java.lang.String,java.lang.String,java.lang.String,java.lang.String,java.lang.String,java.lang.reflect.Method) throws java.lang.Exception]]>
              </value>
            </param>
          </params>
          <reporter-output>
          </reporter-output>
        </test-method> <!-- clickLinkTest -->
        <test-method status="PASS" signature="clickLinkTest(java.lang.String, java.lang.String, java.lang.String, java.lang.String, java.lang.String, java.lang.reflect.Method)[pri:0, instance:com.yourcompany.SampleSauceTest@735b5592]" name="clickLinkTest" duration-ms="73810" started-at="2017-03-22T09:42:29Z" data-provider="hardCodedBrowsers" finished-at="2017-03-22T09:43:42Z">
          <params>
            <param index="0">
              <value>
                <![CDATA[Android]]>
              </value>
            </param>
            <param index="1">
              <value>
                <![CDATA[Samsung Galaxy S4 Device]]>
              </value>
            </param>
            <param index="2">
              <value>
                <![CDATA[4.4]]>
              </value>
            </param>
            <param index="3">
              <value>
                <![CDATA[Chrome]]>
              </value>
            </param>
            <param index="4">
              <value>
                <![CDATA[portrait]]>
              </value>
            </param>
            <param index="5">
              <value>
                <![CDATA[public void com.yourcompany.SampleSauceTest.clickLinkTest(java.lang.String,java.lang.String,java.lang.String,java.lang.String,java.lang.String,java.lang.reflect.Method) throws java.lang.Exception]]>
              </value>
            </param>
          </params>
          <reporter-output>
          </reporter-output>
        </test-method> <!-- clickLinkTest -->
        <test-method status="PASS" signature="clickLinkTest(java.lang.String, java.lang.String, java.lang.String, java.lang.String, java.lang.String, java.lang.reflect.Method)[pri:0, instance:com.yourcompany.SampleSauceTest@735b5592]" name="clickLinkTest" duration-ms="80000" started-at="2017-03-22T09:42:29Z" data-provider="hardCodedBrowsers" finished-at="2017-03-22T09:43:49Z">
          <params>
            <param index="0">
              <value>
                <![CDATA[Android]]>
              </value>
            </param>
            <param index="1">
              <value>
                <![CDATA[Android Emulator]]>
              </value>
            </param>
            <param index="2">
              <value>
                <![CDATA[5.1]]>
              </value>
            </param>
            <param index="3">
              <value>
                <![CDATA[Browser]]>
              </value>
            </param>
            <param index="4">
              <value>
                <![CDATA[portrait]]>
              </value>
            </param>
            <param index="5">
              <value>
                <![CDATA[public void com.yourcompany.SampleSauceTest.clickLinkTest(java.lang.String,java.lang.String,java.lang.String,java.lang.String,java.lang.String,java.lang.reflect.Method) throws java.lang.Exception]]>
              </value>
            </param>
          </params>
          <reporter-output>
          </reporter-output>
        </test-method> <!-- clickLinkTest -->
        <test-method status="PASS" signature="clickLinkTest(java.lang.String, java.lang.String, java.lang.String, java.lang.String, java.lang.String, java.lang.reflect.Method)[pri:0, instance:com.yourcompany.SampleSauceTest@735b5592]" name="clickLinkTest" duration-ms="64616" started-at="2017-03-22T09:42:29Z" data-provider="hardCodedBrowsers" finished-at="2017-03-22T09:43:33Z">
          <params>
            <param index="0">
              <value>
                <![CDATA[Android]]>
              </value>
            </param>
            <param index="1">
              <value>
                <![CDATA[Samsung Galaxy S7 Device]]>
              </value>
            </param>
            <param index="2">
              <value>
                <![CDATA[6.0]]>
              </value>
            </param>
            <param index="3">
              <value>
                <![CDATA[Chrome]]>
              </value>
            </param>
            <param index="4">
              <value>
                <![CDATA[portrait]]>
              </value>
            </param>
            <param index="5">
              <value>
                <![CDATA[public void com.yourcompany.SampleSauceTest.clickLinkTest(java.lang.String,java.lang.String,java.lang.String,java.lang.String,java.lang.String,java.lang.reflect.Method) throws java.lang.Exception]]>
              </value>
            </param>
          </params>
          <reporter-output>
          </reporter-output>
        </test-method> <!-- clickLinkTest -->
        <test-method status="PASS" signature="clickLinkTest2(java.lang.String, java.lang.String, java.lang.String, java.lang.String, java.lang.String, java.lang.reflect.Method)[pri:0, instance:com.yourcompany.SampleSauceTest@735b5592]" name="clickLinkTest2" duration-ms="66450" started-at="2017-03-22T09:42:29Z" data-provider="hardCodedBrowsers" finished-at="2017-03-22T09:43:35Z">
          <params>
            <param index="0">
              <value>
                <![CDATA[Android]]>
              </value>
            </param>
            <param index="1">
              <value>
                <![CDATA[Samsung Galaxy S7 Device]]>
              </value>
            </param>
            <param index="2">
              <value>
                <![CDATA[6.0]]>
              </value>
            </param>
            <param index="3">
              <value>
                <![CDATA[Chrome]]>
              </value>
            </param>
            <param index="4">
              <value>
                <![CDATA[portrait]]>
              </value>
            </param>
            <param index="5">
              <value>
                <![CDATA[public void com.yourcompany.SampleSauceTest.clickLinkTest2(java.lang.String,java.lang.String,java.lang.String,java.lang.String,java.lang.String,java.lang.reflect.Method) throws java.lang.Exception]]>
              </value>
            </param>
          </params>
          <reporter-output>
          </reporter-output>
        </test-method> <!-- clickLinkTest2 -->
        <test-method status="PASS" signature="clickLinkTest2(java.lang.String, java.lang.String, java.lang.String, java.lang.String, java.lang.String, java.lang.reflect.Method)[pri:0, instance:com.yourcompany.SampleSauceTest@735b5592]" name="clickLinkTest2" duration-ms="79533" started-at="2017-03-22T09:42:29Z" data-provider="hardCodedBrowsers" finished-at="2017-03-22T09:43:48Z">
          <params>
            <param index="0">
              <value>
                <![CDATA[Android]]>
              </value>
            </param>
            <param index="1">
              <value>
                <![CDATA[Google Nexus 7 HD Emulator]]>
              </value>
            </param>
            <param index="2">
              <value>
                <![CDATA[4.4]]>
              </value>
            </param>
            <param index="3">
              <value>
                <![CDATA[Browser]]>
              </value>
            </param>
            <param index="4">
              <value>
                <![CDATA[portrait]]>
              </value>
            </param>
            <param index="5">
              <value>
                <![CDATA[public void com.yourcompany.SampleSauceTest.clickLinkTest2(java.lang.String,java.lang.String,java.lang.String,java.lang.String,java.lang.String,java.lang.reflect.Method) throws java.lang.Exception]]>
              </value>
            </param>
          </params>
          <reporter-output>
          </reporter-output>
        </test-method> <!-- clickLinkTest2 -->
        <test-method status="PASS" signature="clickLinkTest2(java.lang.String, java.lang.String, java.lang.String, java.lang.String, java.lang.String, java.lang.reflect.Method)[pri:0, instance:com.yourcompany.SampleSauceTest@735b5592]" name="clickLinkTest2" duration-ms="67640" started-at="2017-03-22T09:42:29Z" data-provider="hardCodedBrowsers" finished-at="2017-03-22T09:43:36Z">
          <params>
            <param index="0">
              <value>
                <![CDATA[Android]]>
              </value>
            </param>
            <param index="1">
              <value>
                <![CDATA[Samsung Galaxy S5 Device]]>
              </value>
            </param>
            <param index="2">
              <value>
                <![CDATA[5.0]]>
              </value>
            </param>
            <param index="3">
              <value>
                <![CDATA[Chrome]]>
              </value>
            </param>
            <param index="4">
              <value>
                <![CDATA[portrait]]>
              </value>
            </param>
            <param index="5">
              <value>
                <![CDATA[public void com.yourcompany.SampleSauceTest.clickLinkTest2(java.lang.String,java.lang.String,java.lang.String,java.lang.String,java.lang.String,java.lang.reflect.Method) throws java.lang.Exception]]>
              </value>
            </param>
          </params>
          <reporter-output>
          </reporter-output>
        </test-method> <!-- clickLinkTest2 -->
        <test-method status="PASS" signature="clickLinkTest(java.lang.String, java.lang.String, java.lang.String, java.lang.String, java.lang.String, java.lang.reflect.Method)[pri:0, instance:com.yourcompany.SampleSauceTest@735b5592]" name="clickLinkTest" duration-ms="70720" started-at="2017-03-22T09:42:29Z" data-provider="hardCodedBrowsers" finished-at="2017-03-22T09:43:39Z">
          <params>
            <param index="0">
              <value>
                <![CDATA[Android]]>
              </value>
            </param>
            <param index="1">
              <value>
                <![CDATA[Google Nexus 7 HD Emulator]]>
              </value>
            </param>
            <param index="2">
              <value>
                <![CDATA[4.4]]>
              </value>
            </param>
            <param index="3">
              <value>
                <![CDATA[Browser]]>
              </value>
            </param>
            <param index="4">
              <value>
                <![CDATA[portrait]]>
              </value>
            </param>
            <param index="5">
              <value>
                <![CDATA[public void com.yourcompany.SampleSauceTest.clickLinkTest(java.lang.String,java.lang.String,java.lang.String,java.lang.String,java.lang.String,java.lang.reflect.Method) throws java.lang.Exception]]>
              </value>
            </param>
          </params>
          <reporter-output>
          </reporter-output>
        </test-method> <!-- clickLinkTest -->
        <test-method status="PASS" signature="clickLinkTest2(java.lang.String, java.lang.String, java.lang.String, java.lang.String, java.lang.String, java.lang.reflect.Method)[pri:0, instance:com.yourcompany.SampleSauceTest@735b5592]" name="clickLinkTest2" duration-ms="63470" started-at="2017-03-22T09:42:29Z" data-provider="hardCodedBrowsers" finished-at="2017-03-22T09:43:32Z">
          <params>
            <param index="0">
              <value>
                <![CDATA[Android]]>
              </value>
            </param>
            <param index="1">
              <value>
                <![CDATA[Samsung Galaxy S6 Device]]>
              </value>
            </param>
            <param index="2">
              <value>
                <![CDATA[6.0]]>
              </value>
            </param>
            <param index="3">
              <value>
                <![CDATA[Chrome]]>
              </value>
            </param>
            <param index="4">
              <value>
                <![CDATA[portrait]]>
              </value>
            </param>
            <param index="5">
              <value>
                <![CDATA[public void com.yourcompany.SampleSauceTest.clickLinkTest2(java.lang.String,java.lang.String,java.lang.String,java.lang.String,java.lang.String,java.lang.reflect.Method) throws java.lang.Exception]]>
              </value>
            </param>
          </params>
          <reporter-output>
          </reporter-output>
        </test-method> <!-- clickLinkTest2 -->
        <test-method status="PASS" signature="clickLinkTest(java.lang.String, java.lang.String, java.lang.String, java.lang.String, java.lang.String, java.lang.reflect.Method)[pri:0, instance:com.yourcompany.SampleSauceTest@735b5592]" name="clickLinkTest" duration-ms="74503" started-at="2017-03-22T09:42:29Z" data-provider="hardCodedBrowsers" finished-at="2017-03-22T09:43:43Z">
          <params>
            <param index="0">
              <value>
                <![CDATA[Android]]>
              </value>
            </param>
            <param index="1">
              <value>
                <![CDATA[Samsung Galaxy S6 Device]]>
              </value>
            </param>
            <param index="2">
              <value>
                <![CDATA[6.0]]>
              </value>
            </param>
            <param index="3">
              <value>
                <![CDATA[Chrome]]>
              </value>
            </param>
            <param index="4">
              <value>
                <![CDATA[portrait]]>
              </value>
            </param>
            <param index="5">
              <value>
                <![CDATA[public void com.yourcompany.SampleSauceTest.clickLinkTest(java.lang.String,java.lang.String,java.lang.String,java.lang.String,java.lang.String,java.lang.reflect.Method) throws java.lang.Exception]]>
              </value>
            </param>
          </params>
          <reporter-output>
          </reporter-output>
        </test-method> <!-- clickLinkTest -->
      </class> <!-- com.yourcompany.SampleSauceTest -->
    </test> <!-- Command line test -->
  </suite> <!-- com.yourcompany.SampleSauceTest -->
</testng-results>
