<?xml version="1.0" encoding="UTF-8"?>
<testng-results skipped="0" failed="0" total="6" passed="6">
  <reporter-output>
  </reporter-output>
  <suite name="com.yourcompany.SampleSauceTest" duration-ms="67862" started-at="2017-06-28T13:56:29Z" finished-at="2017-06-28T13:57:36Z">
    <groups>
    </groups>
    <test name="Command line test" duration-ms="67862" started-at="2017-06-28T13:56:29Z" finished-at="2017-06-28T13:57:36Z">
      <class name="com.yourcompany.SampleSauceTest">
        <test-method status="PASS" signature="clickLinkTest2(java.lang.String, java.lang.String, java.lang.String, java.lang.String, java.lang.String, java.lang.reflect.Method)[pri:0, instance:com.yourcompany.SampleSauceTest@5dfcfece]" name="clickLinkTest2" duration-ms="52376" started-at="2017-06-28T09:56:29Z" data-provider="hardCodedBrowsers" finished-at="2017-06-28T09:57:21Z">
          <params>
            <param index="0">
              <value>
                <![CDATA[Android]]>
              </value>
            </param>
            <param index="1">
              <value>
                <![CDATA[Samsung Galaxy S4 Emulator]]>
              </value>
            </param>
            <param index="2">
              <value>
                <![CDATA[4.4]]>
              </value>
            </param>
            <param index="3">
              <value>
                <![CDATA[Browser]]>
              </value>
            </param>
            <param index="4">
              <value>
                <![CDATA[portrait]]>
              </value>
            </param>
            <param index="5">
              <value>
                <![CDATA[public void com.yourcompany.SampleSauceTest.clickLinkTest2(java.lang.String,java.lang.String,java.lang.String,java.lang.String,java.lang.String,java.lang.reflect.Method) throws java.lang.Exception]]>
              </value>
            </param>
          </params>
          <reporter-output>
          </reporter-output>
        </test-method> <!-- clickLinkTest2 -->
        <test-method status="PASS" signature="clickLinkTest(java.lang.String, java.lang.String, java.lang.String, java.lang.String, java.lang.String, java.lang.reflect.Method)[pri:0, instance:com.yourcompany.SampleSauceTest@5dfcfece]" name="clickLinkTest" duration-ms="52868" started-at="2017-06-28T09:56:29Z" data-provider="hardCodedBrowsers" finished-at="2017-06-28T09:57:21Z">
          <params>
            <param index="0">
              <value>
                <![CDATA[Android]]>
              </value>
            </param>
            <param index="1">
              <value>
                <![CDATA[Samsung Galaxy S4 Emulator]]>
              </value>
            </param>
            <param index="2">
              <value>
                <![CDATA[4.4]]>
              </value>
            </param>
            <param index="3">
              <value>
                <![CDATA[Browser]]>
              </value>
            </param>
            <param index="4">
              <value>
                <![CDATA[portrait]]>
              </value>
            </param>
            <param index="5">
              <value>
                <![CDATA[public void com.yourcompany.SampleSauceTest.clickLinkTest(java.lang.String,java.lang.String,java.lang.String,java.lang.String,java.lang.String,java.lang.reflect.Method) throws java.lang.Exception]]>
              </value>
            </param>
          </params>
          <reporter-output>
          </reporter-output>
        </test-method> <!-- clickLinkTest -->
        <test-method status="PASS" signature="clickLinkTest2(java.lang.String, java.lang.String, java.lang.String, java.lang.String, java.lang.String, java.lang.reflect.Method)[pri:0, instance:com.yourcompany.SampleSauceTest@5dfcfece]" name="clickLinkTest2" duration-ms="58762" started-at="2017-06-28T09:56:29Z" data-provider="hardCodedBrowsers" finished-at="2017-06-28T09:57:27Z">
          <params>
            <param index="0">
              <value>
                <![CDATA[Android]]>
              </value>
            </param>
            <param index="1">
              <value>
                <![CDATA[Google Nexus 7 HD Emulator]]>
              </value>
            </param>
            <param index="2">
              <value>
                <![CDATA[4.4]]>
              </value>
            </param>
            <param index="3">
              <value>
                <![CDATA[Browser]]>
              </value>
            </param>
            <param index="4">
              <value>
                <![CDATA[portrait]]>
              </value>
            </param>
            <param index="5">
              <value>
                <![CDATA[public void com.yourcompany.SampleSauceTest.clickLinkTest2(java.lang.String,java.lang.String,java.lang.String,java.lang.String,java.lang.String,java.lang.reflect.Method) throws java.lang.Exception]]>
              </value>
            </param>
          </params>
          <reporter-output>
          </reporter-output>
        </test-method> <!-- clickLinkTest2 -->
        <test-method status="PASS" signature="clickLinkTest(java.lang.String, java.lang.String, java.lang.String, java.lang.String, java.lang.String, java.lang.reflect.Method)[pri:0, instance:com.yourcompany.SampleSauceTest@5dfcfece]" name="clickLinkTest" duration-ms="55344" started-at="2017-06-28T09:56:29Z" data-provider="hardCodedBrowsers" finished-at="2017-06-28T09:57:24Z">
          <params>
            <param index="0">
              <value>
                <![CDATA[Android]]>
              </value>
            </param>
            <param index="1">
              <value>
                <![CDATA[Google Nexus 7 HD Emulator]]>
              </value>
            </param>
            <param index="2">
              <value>
                <![CDATA[4.4]]>
              </value>
            </param>
            <param index="3">
              <value>
                <![CDATA[Browser]]>
              </value>
            </param>
            <param index="4">
              <value>
                <![CDATA[portrait]]>
              </value>
            </param>
            <param index="5">
              <value>
                <![CDATA[public void com.yourcompany.SampleSauceTest.clickLinkTest(java.lang.String,java.lang.String,java.lang.String,java.lang.String,java.lang.String,java.lang.reflect.Method) throws java.lang.Exception]]>
              </value>
            </param>
          </params>
          <reporter-output>
          </reporter-output>
        </test-method> <!-- clickLinkTest -->
        <test-method status="PASS" signature="clickLinkTest2(java.lang.String, java.lang.String, java.lang.String, java.lang.String, java.lang.String, java.lang.reflect.Method)[pri:0, instance:com.yourcompany.SampleSauceTest@5dfcfece]" name="clickLinkTest2" duration-ms="67732" started-at="2017-06-28T09:56:29Z" data-provider="hardCodedBrowsers" finished-at="2017-06-28T09:57:36Z">
          <params>
            <param index="0">
              <value>
                <![CDATA[Android]]>
              </value>
            </param>
            <param index="1">
              <value>
                <![CDATA[Android Emulator]]>
              </value>
            </param>
            <param index="2">
              <value>
                <![CDATA[5.1]]>
              </value>
            </param>
            <param index="3">
              <value>
                <![CDATA[Browser]]>
              </value>
            </param>
            <param index="4">
              <value>
                <![CDATA[portrait]]>
              </value>
            </param>
            <param index="5">
              <value>
                <![CDATA[public void com.yourcompany.SampleSauceTest.clickLinkTest2(java.lang.String,java.lang.String,java.lang.String,java.lang.String,java.lang.String,java.lang.reflect.Method) throws java.lang.Exception]]>
              </value>
            </param>
          </params>
          <reporter-output>
          </reporter-output>
        </test-method> <!-- clickLinkTest2 -->
        <test-method status="PASS" signature="clickLinkTest(java.lang.String, java.lang.String, java.lang.String, java.lang.String, java.lang.String, java.lang.reflect.Method)[pri:0, instance:com.yourcompany.SampleSauceTest@5dfcfece]" name="clickLinkTest" duration-ms="66921" started-at="2017-06-28T09:56:29Z" data-provider="hardCodedBrowsers" finished-at="2017-06-28T09:57:36Z">
          <params>
            <param index="0">
              <value>
                <![CDATA[Android]]>
              </value>
            </param>
            <param index="1">
              <value>
                <![CDATA[Android Emulator]]>
              </value>
            </param>
            <param index="2">
              <value>
                <![CDATA[5.1]]>
              </value>
            </param>
            <param index="3">
              <value>
                <![CDATA[Browser]]>
              </value>
            </param>
            <param index="4">
              <value>
                <![CDATA[portrait]]>
              </value>
            </param>
            <param index="5">
              <value>
                <![CDATA[public void com.yourcompany.SampleSauceTest.clickLinkTest(java.lang.String,java.lang.String,java.lang.String,java.lang.String,java.lang.String,java.lang.reflect.Method) throws java.lang.Exception]]>
              </value>
            </param>
          </params>
          <reporter-output>
          </reporter-output>
        </test-method> <!-- clickLinkTest -->
      </class> <!-- com.yourcompany.SampleSauceTest -->
    </test> <!-- Command line test -->
  </suite> <!-- com.yourcompany.SampleSauceTest -->
</testng-results>
